<?xml version="1.0" encoding="UTF-8"?>
<!-- Generated by org.testng.reporters.JUnitReportReporter -->
<testsuite hostname="Anils-MacBook-Air.local" failures="0" tests="1" name="com.rogers.testparllel.TestParllel2" time="0.279" errors="0" timestamp="11 Aug 2018 21:00:43 GMT" skipped="0">
  <testcase classname="com.rogers.testparllel.TestParllel2" name="form" time="0.279"/>
</testsuite> <!-- com.rogers.testparllel.TestParllel2 -->
