<?xml version="1.0" encoding="UTF-8"?>
<!-- Generated by org.testng.reporters.JUnitReportReporter -->
<testsuite hostname="Anils-MacBook-Air.local" failures="0" tests="4" name="com.rogers.testparllel.TestParllel" time="19.794" errors="0" timestamp="11 Aug 2018 22:14:31 GMT" skipped="0">
  <testcase classname="com.rogers.testparllel.TestParllel" name="firstName" time="8.349"/>
  <testcase classname="com.rogers.testparllel.TestParllel" name="lastName" time="4.165"/>
  <testcase classname="com.rogers.testparllel.TestParllel" name="email" time="4.213"/>
  <testcase classname="com.rogers.testparllel.TestParllel" name="pageTitle" time="3.067"/>
</testsuite> <!-- com.rogers.testparllel.TestParllel -->
