<?xml version="1.0" encoding="UTF-8"?>
<!-- Generated by org.testng.reporters.JUnitReportReporter -->
<testsuite hostname="Anils-MacBook-Air.local" failures="0" tests="6" name="com.rogers.testparllel.TestParllel" time="54.683" errors="0" timestamp="11 Aug 2018 21:44:20 GMT" skipped="0">
  <testcase classname="com.rogers.testparllel.TestParllel" name="firstName" time="6.403"/>
  <testcase classname="com.rogers.testparllel.TestParllel" name="firstName" time="8.362"/>
  <testcase classname="com.rogers.testparllel.TestParllel" name="lastName" time="11.558"/>
  <testcase classname="com.rogers.testparllel.TestParllel" name="lastName" time="7.210"/>
  <testcase classname="com.rogers.testparllel.TestParllel" name="email" time="8.425"/>
  <testcase classname="com.rogers.testparllel.TestParllel" name="email" time="12.725"/>
</testsuite> <!-- com.rogers.testparllel.TestParllel -->
