<?xml version="1.0" encoding="UTF-8"?>
<!-- Generated by org.testng.reporters.JUnitReportReporter -->
<testsuite hostname="Anils-MacBook-Air.local" failures="0" tests="8" name="com.rogers.testparllel.TestParllel" time="94.071" errors="0" timestamp="11 Aug 2018 22:16:53 GMT" skipped="0">
  <testcase classname="com.rogers.testparllel.TestParllel" name="firstName" time="23.129"/>
  <testcase classname="com.rogers.testparllel.TestParllel" name="firstName" time="7.486"/>
  <testcase classname="com.rogers.testparllel.TestParllel" name="lastName" time="8.195"/>
  <testcase classname="com.rogers.testparllel.TestParllel" name="lastName" time="14.068"/>
  <testcase classname="com.rogers.testparllel.TestParllel" name="email" time="5.773"/>
  <testcase classname="com.rogers.testparllel.TestParllel" name="email" time="14.184"/>
  <testcase classname="com.rogers.testparllel.TestParllel" name="pageTitle" time="13.465"/>
  <testcase classname="com.rogers.testparllel.TestParllel" name="pageTitle" time="7.771"/>
</testsuite> <!-- com.rogers.testparllel.TestParllel -->
